D:\NEWWORK\TMPPROJECT\EJECTUSBDISK\DEBUG\EJECTUSBDISK.EXE
D:\NEWWORK\TMPPROJECT\EJECTUSBDISK\DEBUG\EJECTUSBDISK.ILK
D:\NEWWORK\TMPPROJECT\EJECTUSBDISK\DEBUG\EJECTUSBDISK.PDB
D:\NewWork\TmpProject\EjectUsbDisk\EjectUsbDisk\Debug\cl.command.1.tlog
D:\NewWork\TmpProject\EjectUsbDisk\EjectUsbDisk\Debug\CL.read.1.tlog
D:\NewWork\TmpProject\EjectUsbDisk\EjectUsbDisk\Debug\CL.write.1.tlog
D:\NEWWORK\TMPPROJECT\EJECTUSBDISK\EJECTUSBDISK\DEBUG\EJECTUSBDISK.EXE.EMBED.MANIFEST
D:\NEWWORK\TMPPROJECT\EJECTUSBDISK\EJECTUSBDISK\DEBUG\EJECTUSBDISK.EXE.EMBED.MANIFEST.RES
D:\NEWWORK\TMPPROJECT\EJECTUSBDISK\EJECTUSBDISK\DEBUG\EJECTUSBDISK.EXE.INTERMEDIATE.MANIFEST
D:\NEWWORK\TMPPROJECT\EJECTUSBDISK\EJECTUSBDISK\DEBUG\EJECTUSBDISK.OBJ
D:\NEWWORK\TMPPROJECT\EJECTUSBDISK\EJECTUSBDISK\DEBUG\EJECTUSBDISK.PCH
D:\NewWork\TmpProject\EjectUsbDisk\EjectUsbDisk\Debug\EjectUsbDisk.vcxprojResolveAssemblyReference.cache
D:\NewWork\TmpProject\EjectUsbDisk\EjectUsbDisk\Debug\EjectUsbDisk.write.1.tlog
D:\NewWork\TmpProject\EjectUsbDisk\EjectUsbDisk\Debug\EjectUsbDisk_manifest.rc
D:\NewWork\TmpProject\EjectUsbDisk\EjectUsbDisk\Debug\link.69472.read.1.tlog
D:\NewWork\TmpProject\EjectUsbDisk\EjectUsbDisk\Debug\link.69472.write.1.tlog
D:\NewWork\TmpProject\EjectUsbDisk\EjectUsbDisk\Debug\link.69472-cvtres.read.1.tlog
D:\NewWork\TmpProject\EjectUsbDisk\EjectUsbDisk\Debug\link.69472-cvtres.write.1.tlog
D:\NewWork\TmpProject\EjectUsbDisk\EjectUsbDisk\Debug\link.command.1.tlog
D:\NewWork\TmpProject\EjectUsbDisk\EjectUsbDisk\Debug\link.read.1.tlog
D:\NewWork\TmpProject\EjectUsbDisk\EjectUsbDisk\Debug\link.write.1.tlog
D:\NewWork\TmpProject\EjectUsbDisk\EjectUsbDisk\Debug\link-cvtres.read.1.tlog
D:\NewWork\TmpProject\EjectUsbDisk\EjectUsbDisk\Debug\link-cvtres.write.1.tlog
D:\NewWork\TmpProject\EjectUsbDisk\EjectUsbDisk\Debug\mt.command.1.tlog
D:\NewWork\TmpProject\EjectUsbDisk\EjectUsbDisk\Debug\mt.read.1.tlog
D:\NewWork\TmpProject\EjectUsbDisk\EjectUsbDisk\Debug\mt.write.1.tlog
D:\NewWork\TmpProject\EjectUsbDisk\EjectUsbDisk\Debug\rc.command.1.tlog
D:\NewWork\TmpProject\EjectUsbDisk\EjectUsbDisk\Debug\rc.read.1.tlog
D:\NewWork\TmpProject\EjectUsbDisk\EjectUsbDisk\Debug\rc.write.1.tlog
D:\NEWWORK\TMPPROJECT\EJECTUSBDISK\EJECTUSBDISK\DEBUG\STDAFX.OBJ
D:\NewWork\TmpProject\EjectUsbDisk\EjectUsbDisk\Debug\vc100.idb
D:\NEWWORK\TMPPROJECT\EJECTUSBDISK\EJECTUSBDISK\DEBUG\VC100.PDB
